\BOOKMARK [1][-]{section.1}{\376\377\000I\000n\000t\000r\000o\000d\000u\000c\000t\000i\000o\000n}{}% 1
\BOOKMARK [1][-]{section.2}{\376\377\000T\000a\000s\000k\000\040\0001\000\040\000-\000\040\000D\000a\000t\000a\000D\000A\000M}{}% 2
\BOOKMARK [2][-]{subsection.2.1}{\376\377\000P\000a\000r\000t\000\040\0001\000\040\000-\000\040\000Q\000u\000e\000s\000t\000i\000o\000n\000s\000\040\000a\000n\000w\000s\000e\000r\000i\000n\000g}{section.2}% 3
\BOOKMARK [2][-]{subsection.2.2}{\376\377\000P\000a\000r\000t\000\040\0002\000\040\000-\000\040\000D\000a\000t\000a\000\040\000D\000i\000s\000t\000i\000l\000l\000a\000t\000i\000o\000n\000\040\000L\000e\000a\000r\000n\000i\000n\000g\000\040\000u\000s\000i\000n\000g\000\040\000D\000a\000t\000a\000D\000A\000M}{section.2}% 4
\BOOKMARK [3][-]{subsubsection.2.2.1}{\376\377\000B\000u\000i\000l\000d\000\040\000t\000h\000e\000\040\000d\000i\000s\000t\000i\000l\000l\000a\000t\000i\000o\000n\000\040\000m\000o\000d\000e\000l}{subsection.2.2}% 5
\BOOKMARK [3][-]{subsubsection.2.2.2}{\376\377\000D\000i\000s\000t\000i\000l\000l\000a\000t\000i\000o\000n\000\040\000o\000f\000\040\000M\000N\000I\000S\000T\000\040\000d\000a\000t\000a\000s\000e\000t\000\040\000f\000r\000o\000m\000\040\000r\000e\000a\000l\000\040\000d\000a\000t\000a}{subsection.2.2}% 6
\BOOKMARK [3][-]{subsubsection.2.2.3}{\376\377\000D\000i\000s\000t\000i\000l\000l\000a\000t\000i\000o\000n\000\040\000o\000f\000\040\000M\000N\000I\000S\000T\000\040\000d\000a\000t\000a\000s\000e\000t\000\040\000f\000r\000o\000m\000\040\000g\000a\000u\000s\000s\000i\000a\000n\000\040\000n\000o\000i\000s\000e}{subsection.2.2}% 7
\BOOKMARK [3][-]{subsubsection.2.2.4}{\376\377\000R\000e\000s\000u\000t\000l\000s\000\040\000a\000n\000d\000\040\000d\000i\000s\000c\000u\000s\000s\000i\000o\000n\000\040\000f\000o\000r\000\040\000t\000h\000e\000\040\000M\000N\000I\000S\000T\000\040\000d\000a\000t\000a\000s\000e\000t}{subsection.2.2}% 8
\BOOKMARK [3][-]{subsubsection.2.2.5}{\376\377\000D\000i\000s\000t\000i\000l\000l\000a\000t\000i\000o\000n\000\040\000o\000f\000\040\000t\000h\000e\000\040\000M\000H\000I\000S\000T\000\040\000d\000a\000t\000a\000s\000e\000t\000\040\000f\000r\000o\000m\000\040\000r\000e\000a\000l\000\040\000d\000a\000t\000a}{subsection.2.2}% 9
\BOOKMARK [3][-]{subsubsection.2.2.6}{\376\377\000D\000i\000s\000t\000i\000l\000l\000a\000t\000i\000o\000n\000\040\000o\000f\000\040\000t\000h\000e\000\040\000M\000H\000I\000S\000T\000\040\000d\000a\000t\000a\000s\000e\000t\000\040\000f\000r\000o\000m\000\040\000g\000a\000u\000s\000s\000i\000a\000n\000\040\000n\000o\000i\000s\000e}{subsection.2.2}% 10
\BOOKMARK [3][-]{subsubsection.2.2.7}{\376\377\000R\000e\000s\000u\000t\000l\000s\000\040\000a\000n\000d\000\040\000d\000i\000s\000c\000u\000s\000s\000i\000o\000n\000\040\000f\000o\000r\000\040\000t\000h\000e\000\040\000M\000H\000I\000S\000T\000\040\000d\000a\000t\000a\000s\000e\000t}{subsection.2.2}% 11
\BOOKMARK [3][-]{subsubsection.2.2.8}{\376\377\000N\000e\000u\000r\000a\000l\000\040\000a\000r\000c\000h\000i\000t\000e\000c\000t\000u\000r\000e\000\040\000s\000e\000a\000r\000c\000h}{subsection.2.2}% 12
\BOOKMARK [1][-]{section.3}{\376\377\000T\000a\000s\000k\000\040\0002\000\040\000-\000\040\000P\000A\000D}{}% 13
\BOOKMARK [2][-]{subsection.3.1}{\376\377\000P\000a\000r\000t\000\040\0001\000\040\000-\000\040\000Q\000u\000e\000s\000t\000i\000o\000n\000s\000\040\000a\000n\000w\000s\000e\000r\000i\000n\000g}{section.3}% 14
\BOOKMARK [2][-]{subsection.3.2}{\376\377\000P\000a\000r\000t\000\040\0002\000\040\000-\000\040\000D\000a\000t\000a\000\040\000D\000i\000s\000t\000i\000l\000l\000a\000t\000i\000o\000n\000\040\000L\000e\000a\000r\000n\000i\000n\000g\000\040\000u\000s\000i\000n\000g\000\040\000P\000A\000D}{section.3}% 15
\BOOKMARK [3][-]{subsubsection.3.2.1}{\376\377\000B\000u\000i\000l\000d\000\040\000t\000h\000e\000\040\000d\000i\000s\000t\000i\000l\000l\000a\000t\000i\000o\000n\000\040\000m\000o\000d\000e\000l}{subsection.3.2}% 16
\BOOKMARK [3][-]{subsubsection.3.2.2}{\376\377\000D\000i\000s\000t\000i\000l\000l\000a\000t\000i\000o\000n\000\040\000o\000f\000\040\000M\000N\000I\000S\000T\000\040\000d\000a\000t\000a\000s\000e\000t\000\040\000f\000r\000o\000m\000\040\000r\000e\000a\000l\000\040\000d\000a\000t\000a}{subsection.3.2}% 17
\BOOKMARK [3][-]{subsubsection.3.2.3}{\376\377\000D\000i\000s\000t\000i\000l\000l\000a\000t\000i\000o\000n\000\040\000o\000f\000\040\000M\000N\000I\000S\000T\000\040\000d\000a\000t\000a\000s\000e\000t\000\040\000f\000r\000o\000m\000\040\000g\000a\000u\000s\000s\000i\000a\000n\000\040\000n\000o\000i\000s\000e}{subsection.3.2}% 18
\BOOKMARK [3][-]{subsubsection.3.2.4}{\376\377\000R\000e\000s\000u\000t\000l\000s\000\040\000a\000n\000d\000\040\000d\000i\000s\000c\000u\000s\000s\000i\000o\000n\000\040\000f\000o\000r\000\040\000t\000h\000e\000\040\000M\000N\000I\000S\000T\000\040\000d\000a\000t\000a\000s\000e\000t}{subsection.3.2}% 19
\BOOKMARK [3][-]{subsubsection.3.2.5}{\376\377\000D\000i\000s\000t\000i\000l\000l\000a\000t\000i\000o\000n\000\040\000o\000f\000\040\000t\000h\000e\000\040\000M\000H\000I\000S\000T\000\040\000d\000a\000t\000a\000s\000e\000t\000\040\000f\000r\000o\000m\000\040\000r\000e\000a\000l\000\040\000d\000a\000t\000a}{subsection.3.2}% 20
\BOOKMARK [3][-]{subsubsection.3.2.6}{\376\377\000D\000i\000s\000t\000i\000l\000l\000a\000t\000i\000o\000n\000\040\000o\000f\000\040\000t\000h\000e\000\040\000M\000H\000I\000S\000T\000\040\000d\000a\000t\000a\000s\000e\000t\000\040\000f\000r\000o\000m\000\040\000g\000a\000u\000s\000s\000i\000a\000n\000\040\000n\000o\000i\000s\000e}{subsection.3.2}% 21
\BOOKMARK [3][-]{subsubsection.3.2.7}{\376\377\000R\000e\000s\000u\000t\000l\000s\000\040\000a\000n\000d\000\040\000d\000i\000s\000c\000u\000s\000s\000i\000o\000n\000\040\000f\000o\000r\000\040\000t\000h\000e\000\040\000M\000H\000I\000S\000T\000\040\000d\000a\000t\000a\000s\000e\000t}{subsection.3.2}% 22
\BOOKMARK [3][-]{subsubsection.3.2.8}{\376\377\000N\000e\000u\000r\000a\000l\000\040\000a\000r\000c\000h\000i\000t\000e\000c\000t\000u\000r\000e\000\040\000s\000e\000a\000r\000c\000h}{subsection.3.2}% 23
\BOOKMARK [1][-]{section.4}{\376\377\000C\000o\000n\000c\000l\000u\000s\000i\000o\000n}{}% 24
\BOOKMARK [1][-]{section*.26}{\376\377\000R\000e\000f\000e\000r\000e\000n\000c\000e\000s}{}% 25
